<?xml version="1.0" encoding="UTF-8"?>
<!-- Generated by org.testng.reporters.JUnitReportReporter -->
<testsuite hostname="LAPTOP-VUKRU3VR" name="com.seleniumSalesforce.SDFCLogin" tests="1" failures="0" timestamp="7 Jun 2020 05:15:36 GMT" time="10.601" errors="0">
  <testcase name="rememberUsername" time="10.601" classname="com.seleniumSalesforce.SDFCLogin"/>
</testsuite> <!-- com.seleniumSalesforce.SDFCLogin -->
