<?xml version="1.0" encoding="UTF-8"?>
<!-- Generated by org.testng.reporters.JUnitReportReporter -->
<testsuite hostname="LAPTOP-VUKRU3VR" name="salesforceautomation.Seliniumsalesforce.SDFCLogin" tests="1" failures="0" timestamp="1 Apr 2020 18:25:19 GMT" time="10.721" errors="0">
  <testcase name="rememberUsername" time="10.721" classname="salesforceautomation.Seliniumsalesforce.SDFCLogin"/>
</testsuite> <!-- salesforceautomation.Seliniumsalesforce.SDFCLogin -->
