<?xml version="1.0" encoding="UTF-8"?>
<!-- Generated by org.testng.reporters.JUnitReportReporter -->
<testsuite hostname="LAPTOP-VUKRU3VR" name="com.seleniumSalesforce.SDFCLogin" tests="1" failures="0" timestamp="11 Jun 2020 04:22:00 GMT" time="12.949" errors="0">
  <testcase name="rememberUsername" time="12.949" classname="com.seleniumSalesforce.SDFCLogin"/>
</testsuite> <!-- com.seleniumSalesforce.SDFCLogin -->
